# JRE version: OpenJDK Runtime Environment Temurin-21.0.9+10 (21.0.9+10) (build 21.0.9+10-LTS)
# Java VM: OpenJDK 64-Bit Server VM Temurin-21.0.9+10 (21.0.9+10-LTS, mixed mode, sharing, tiered, compressed oops, compressed class ptrs, g1 gc, windows-amd64)
GC Precious Log:
 CardTable entry size: 512
 Card Set container configuration: InlinePtr #cards 5 size 8 Array Of Cards #cards 12 size 40 Howl #buckets 4 coarsen threshold 1843 Howl Bitmap #cards 512 size 80 coarsen threshold 460 Card regions per heap region 1 cards per card region 2048
 CPUs: 4 total, 4 available
 Memory: 3877M
 Large Page Support: Disabled
 NUMA Support: Disabled
 Compressed Oops: Enabled (32-bit)
 Heap Region Size: 1M
 Heap Min Capacity: 8M
 Heap Initial Capacity: 62M
 Heap Max Capacity: 970M
 Pre-touch: Disabled
 Parallel Workers: 4
 Concurrent Workers: 1
 Concurrent Refinement Workers: 4
 Periodic GC: Disabled
Heap:
 garbage-first heap   total 140288K, used 52377K [0x00000000c3600000, 0x0000000100000000)
  region size 1024K, 4 young (4096K), 3 survivors (3072K)
 Metaspace       used 120334K, committed 121472K, reserved 1179648K
  class space    used 15090K, committed 15680K, reserved 1048576K
GC Heap History (20 events):
Event: 8261.788 GC heap before
{Heap before GC invocations=83 (full 8):
 garbage-first heap   total 143360K, used 124443K [0x00000000c3600000, 0x0000000100000000)
  region size 1024K, 75 young (76800K), 5 survivors (5120K)
 Metaspace       used 115055K, committed 115968K, reserved 1179648K
  class space    used 14612K, committed 15040K, reserved 1048576K
}
Event: 8261.972 GC heap after
{Heap after GC invocations=84 (full 8):
 garbage-first heap   total 143360K, used 54003K [0x00000000c3600000, 0x0000000100000000)
  region size 1024K, 6 young (6144K), 6 survivors (6144K)
 Metaspace       used 115055K, committed 115968K, reserved 1179648K
  class space    used 14612K, committed 15040K, reserved 1048576K
}
Event: 8422.682 GC heap before
{Heap before GC invocations=84 (full 8):
 garbage-first heap   total 143360K, used 86771K [0x00000000c3600000, 0x0000000100000000)
  region size 1024K, 39 young (39936K), 6 survivors (6144K)
 Metaspace       used 115196K, committed 116096K, reserved 1179648K
  class space    used 14624K, committed 15040K, reserved 1048576K
}
Event: 8422.850 GC heap after
{Heap after GC invocations=85 (full 8):
 garbage-first heap   total 143360K, used 54274K [0x00000000c3600000, 0x0000000100000000)
  region size 1024K, 6 young (6144K), 6 survivors (6144K)
 Metaspace       used 115196K, committed 116096K, reserved 1179648K
  class space    used 14624K, committed 15040K, reserved 1048576K
}
Event: 8733.880 GC heap before
{Heap before GC invocations=86 (full 8):
 garbage-first heap   total 143360K, used 131074K [0x00000000c3600000, 0x0000000100000000)
  region size 1024K, 77 young (78848K), 6 survivors (6144K)
 Metaspace       used 116082K, committed 116928K, reserved 1179648K
  class space    used 14641K, committed 15040K, reserved 1048576K
}
Event: 8734.020 GC heap after
{Heap after GC invocations=87 (full 8):
 garbage-first heap   total 143360K, used 56041K [0x00000000c3600000, 0x0000000100000000)
  region size 1024K, 4 young (4096K), 4 survivors (4096K)
 Metaspace       used 116082K, committed 116928K, reserved 1179648K
  class space    used 14641K, committed 15040K, reserved 1048576K
}
Event: 9063.011 GC heap before
{Heap before GC invocations=87 (full 8):
 garbage-first heap   total 143360K, used 107241K [0x00000000c3600000, 0x0000000100000000)
  region size 1024K, 55 young (56320K), 4 survivors (4096K)
 Metaspace       used 116166K, committed 117056K, reserved 1179648K
  class space    used 14642K, committed 15040K, reserved 1048576K
}
Event: 9065.956 GC heap after
{Heap after GC invocations=88 (full 9):
 garbage-first heap   total 140288K, used 40418K [0x00000000c3600000, 0x0000000100000000)
  region size 1024K, 0 young (0K), 0 survivors (0K)
 Metaspace       used 116033K, committed 117056K, reserved 1179648K
  class space    used 14614K, committed 15040K, reserved 1048576K
}
Event: 9074.375 GC heap before
{Heap before GC invocations=88 (full 9):
 garbage-first heap   total 140288K, used 123362K [0x00000000c3600000, 0x0000000100000000)
  region size 1024K, 82 young (83968K), 0 survivors (0K)
 Metaspace       used 116828K, committed 117760K, reserved 1179648K
  class space    used 14735K, committed 15168K, reserved 1048576K
}
Event: 9074.473 GC heap after
{Heap after GC invocations=89 (full 9):
 garbage-first heap   total 140288K, used 49634K [0x00000000c3600000, 0x0000000100000000)
  region size 1024K, 9 young (9216K), 9 survivors (9216K)
 Metaspace       used 116828K, committed 117760K, reserved 1179648K
  class space    used 14735K, committed 15168K, reserved 1048576K
}
Event: 9080.041 GC heap before
{Heap before GC invocations=90 (full 9):
 garbage-first heap   total 140288K, used 106978K [0x00000000c3600000, 0x0000000100000000)
  region size 1024K, 66 young (67584K), 9 survivors (9216K)
 Metaspace       used 117994K, committed 119104K, reserved 1179648K
  class space    used 14860K, committed 15424K, reserved 1048576K
}
Event: 9080.510 GC heap after
{Heap after GC invocations=91 (full 10):
 garbage-first heap   total 140288K, used 44146K [0x00000000c3600000, 0x0000000100000000)
  region size 1024K, 0 young (0K), 0 survivors (0K)
 Metaspace       used 117851K, committed 119104K, reserved 1179648K
  class space    used 14829K, committed 15424K, reserved 1048576K
}
Event: 9083.918 GC heap before
{Heap before GC invocations=91 (full 10):
 garbage-first heap   total 140288K, used 124018K [0x00000000c3600000, 0x0000000100000000)
  region size 1024K, 78 young (79872K), 0 survivors (0K)
 Metaspace       used 118546K, committed 119552K, reserved 1179648K
  class space    used 14919K, committed 15424K, reserved 1048576K
}
Event: 9083.964 GC heap after
{Heap after GC invocations=92 (full 10):
 garbage-first heap   total 140288K, used 52054K [0x00000000c3600000, 0x0000000100000000)
  region size 1024K, 8 young (8192K), 8 survivors (8192K)
 Metaspace       used 118546K, committed 119552K, reserved 1179648K
  class space    used 14919K, committed 15424K, reserved 1048576K
}
Event: 9211.998 GC heap before
{Heap before GC invocations=93 (full 10):
 garbage-first heap   total 140288K, used 124758K [0x00000000c3600000, 0x0000000100000000)
  region size 1024K, 79 young (80896K), 8 survivors (8192K)
 Metaspace       used 119548K, committed 120576K, reserved 1179648K
  class space    used 14992K, committed 15552K, reserved 1048576K
}
Event: 9212.188 GC heap after
{Heap after GC invocations=94 (full 10):
 garbage-first heap   total 140288K, used 54222K [0x00000000c3600000, 0x0000000100000000)
  region size 1024K, 5 young (5120K), 5 survivors (5120K)
 Metaspace       used 119548K, committed 120576K, reserved 1179648K
  class space    used 14992K, committed 15552K, reserved 1048576K
}
Event: 9220.394 GC heap before
{Heap before GC invocations=94 (full 10):
 garbage-first heap   total 140288K, used 57294K [0x00000000c3600000, 0x0000000100000000)
  region size 1024K, 9 young (9216K), 5 survivors (5120K)
 Metaspace       used 119555K, committed 120576K, reserved 1179648K
  class space    used 14993K, committed 15552K, reserved 1048576K
}
Event: 9222.115 GC heap after
{Heap after GC invocations=95 (full 11):
 garbage-first heap   total 140288K, used 50086K [0x00000000c3600000, 0x0000000100000000)
  region size 1024K, 0 young (0K), 0 survivors (0K)
 Metaspace       used 119530K, committed 120576K, reserved 1179648K
  class space    used 14988K, committed 15552K, reserved 1048576K
}
Event: 9231.859 GC heap before
{Heap before GC invocations=95 (full 11):
 garbage-first heap   total 140288K, used 122790K [0x00000000c3600000, 0x0000000100000000)
  region size 1024K, 72 young (73728K), 0 survivors (0K)
 Metaspace       used 120330K, committed 121472K, reserved 1179648K
  class space    used 15090K, committed 15680K, reserved 1048576K
}
Event: 9231.900 GC heap after
{Heap after GC invocations=96 (full 11):
 garbage-first heap   total 140288K, used 52377K [0x00000000c3600000, 0x0000000100000000)
  region size 1024K, 3 young (3072K), 3 survivors (3072K)
 Metaspace       used 120330K, committed 121472K, reserved 1179648K
  class space    used 15090K, committed 15680K, reserved 1048576K
}

