# JRE version: OpenJDK Runtime Environment Temurin-21.0.9+10 (21.0.9+10) (build 21.0.9+10-LTS)
# Java VM: OpenJDK 64-Bit Server VM Temurin-21.0.9+10 (21.0.9+10-LTS, mixed mode, sharing, tiered, compressed oops, compressed class ptrs, g1 gc, windows-amd64)
GC Precious Log:
 CardTable entry size: 512
 Card Set container configuration: InlinePtr #cards 5 size 8 Array Of Cards #cards 12 size 40 Howl #buckets 4 coarsen threshold 1843 Howl Bitmap #cards 512 size 80 coarsen threshold 460 Card regions per heap region 1 cards per card region 2048
 CPUs: 4 total, 4 available
 Memory: 3877M
 Large Page Support: Disabled
 NUMA Support: Disabled
 Compressed Oops: Enabled (32-bit)
 Heap Region Size: 1M
 Heap Min Capacity: 8M
 Heap Initial Capacity: 62M
 Heap Max Capacity: 970M
 Pre-touch: Disabled
 Parallel Workers: 4
 Concurrent Workers: 1
 Concurrent Refinement Workers: 4
 Periodic GC: Disabled
Heap:
 garbage-first heap   total 159744K, used 104389K [0x00000000c3600000, 0x0000000100000000)
  region size 1024K, 15 young (15360K), 7 survivors (7168K)
 Metaspace       used 127783K, committed 129152K, reserved 1179648K
  class space    used 15392K, committed 16128K, reserved 1048576K
GC Heap History (20 events):
Event: 11936.731 GC heap before
{Heap before GC invocations=228 (full 14):
 garbage-first heap   total 156672K, used 147024K [0x00000000c3600000, 0x0000000100000000)
  region size 1024K, 64 young (65536K), 4 survivors (4096K)
 Metaspace       used 125547K, committed 127232K, reserved 1179648K
  class space    used 15150K, committed 16128K, reserved 1048576K
}
Event: 11936.821 GC heap after
{Heap after GC invocations=229 (full 14):
 garbage-first heap   total 156672K, used 85582K [0x00000000c3600000, 0x0000000100000000)
  region size 1024K, 4 young (4096K), 4 survivors (4096K)
 Metaspace       used 125547K, committed 127232K, reserved 1179648K
  class space    used 15150K, committed 16128K, reserved 1048576K
}
Event: 11972.752 GC heap before
{Heap before GC invocations=229 (full 14):
 garbage-first heap   total 156672K, used 147022K [0x00000000c3600000, 0x0000000100000000)
  region size 1024K, 64 young (65536K), 4 survivors (4096K)
 Metaspace       used 125547K, committed 127232K, reserved 1179648K
  class space    used 15150K, committed 16128K, reserved 1048576K
}
Event: 11972.851 GC heap after
{Heap after GC invocations=230 (full 14):
 garbage-first heap   total 156672K, used 83754K [0x00000000c3600000, 0x0000000100000000)
  region size 1024K, 4 young (4096K), 4 survivors (4096K)
 Metaspace       used 125547K, committed 127232K, reserved 1179648K
  class space    used 15150K, committed 16128K, reserved 1048576K
}
Event: 12008.835 GC heap before
{Heap before GC invocations=230 (full 14):
 garbage-first heap   total 156672K, used 146218K [0x00000000c3600000, 0x0000000100000000)
  region size 1024K, 65 young (66560K), 4 survivors (4096K)
 Metaspace       used 125547K, committed 127232K, reserved 1179648K
  class space    used 15150K, committed 16128K, reserved 1048576K
}
Event: 12008.943 GC heap after
{Heap after GC invocations=231 (full 14):
 garbage-first heap   total 156672K, used 84089K [0x00000000c3600000, 0x0000000100000000)
  region size 1024K, 4 young (4096K), 4 survivors (4096K)
 Metaspace       used 125547K, committed 127232K, reserved 1179648K
  class space    used 15150K, committed 16128K, reserved 1048576K
}
Event: 12045.324 GC heap before
{Heap before GC invocations=232 (full 14):
 garbage-first heap   total 156672K, used 146553K [0x00000000c3600000, 0x0000000100000000)
  region size 1024K, 65 young (66560K), 4 survivors (4096K)
 Metaspace       used 125547K, committed 127232K, reserved 1179648K
  class space    used 15150K, committed 16128K, reserved 1048576K
}
Event: 12045.336 GC heap after
{Heap after GC invocations=233 (full 14):
 garbage-first heap   total 156672K, used 83763K [0x00000000c3600000, 0x0000000100000000)
  region size 1024K, 4 young (4096K), 4 survivors (4096K)
 Metaspace       used 125547K, committed 127232K, reserved 1179648K
  class space    used 15150K, committed 16128K, reserved 1048576K
}
Event: 12081.739 GC heap before
{Heap before GC invocations=233 (full 14):
 garbage-first heap   total 156672K, used 146227K [0x00000000c3600000, 0x0000000100000000)
  region size 1024K, 65 young (66560K), 4 survivors (4096K)
 Metaspace       used 125547K, committed 127232K, reserved 1179648K
  class space    used 15150K, committed 16128K, reserved 1048576K
}
Event: 12081.769 GC heap after
{Heap after GC invocations=234 (full 14):
 garbage-first heap   total 156672K, used 82397K [0x00000000c3600000, 0x0000000100000000)
  region size 1024K, 4 young (4096K), 4 survivors (4096K)
 Metaspace       used 125547K, committed 127232K, reserved 1179648K
  class space    used 15150K, committed 16128K, reserved 1048576K
}
Event: 12118.507 GC heap before
{Heap before GC invocations=234 (full 14):
 garbage-first heap   total 156672K, used 145885K [0x00000000c3600000, 0x0000000100000000)
  region size 1024K, 66 young (67584K), 4 survivors (4096K)
 Metaspace       used 125547K, committed 127232K, reserved 1179648K
  class space    used 15150K, committed 16128K, reserved 1048576K
}
Event: 12118.575 GC heap after
{Heap after GC invocations=235 (full 14):
 garbage-first heap   total 156672K, used 82741K [0x00000000c3600000, 0x0000000100000000)
  region size 1024K, 2 young (2048K), 2 survivors (2048K)
 Metaspace       used 125547K, committed 127232K, reserved 1179648K
  class space    used 15150K, committed 16128K, reserved 1048576K
}
Event: 12130.857 GC heap before
{Heap before GC invocations=236 (full 14):
 garbage-first heap   total 156672K, used 145205K [0x00000000c3600000, 0x0000000100000000)
  region size 1024K, 64 young (65536K), 2 survivors (2048K)
 Metaspace       used 126079K, committed 127552K, reserved 1179648K
  class space    used 15204K, committed 16128K, reserved 1048576K
}
Event: 12130.888 GC heap after
{Heap after GC invocations=237 (full 14):
 garbage-first heap   total 156672K, used 87569K [0x00000000c3600000, 0x0000000100000000)
  region size 1024K, 5 young (5120K), 5 survivors (5120K)
 Metaspace       used 126079K, committed 127552K, reserved 1179648K
  class space    used 15204K, committed 16128K, reserved 1048576K
}
Event: 12132.876 GC heap before
{Heap before GC invocations=237 (full 14):
 garbage-first heap   total 156672K, used 146961K [0x00000000c3600000, 0x0000000100000000)
  region size 1024K, 63 young (64512K), 5 survivors (5120K)
 Metaspace       used 126433K, committed 127872K, reserved 1179648K
  class space    used 15246K, committed 16128K, reserved 1048576K
}
Event: 12132.960 GC heap after
{Heap after GC invocations=238 (full 14):
 garbage-first heap   total 159744K, used 90775K [0x00000000c3600000, 0x0000000100000000)
  region size 1024K, 5 young (5120K), 5 survivors (5120K)
 Metaspace       used 126433K, committed 127872K, reserved 1179648K
  class space    used 15246K, committed 16128K, reserved 1048576K
}
Event: 12134.371 GC heap before
{Heap before GC invocations=238 (full 14):
 garbage-first heap   total 159744K, used 149143K [0x00000000c3600000, 0x0000000100000000)
  region size 1024K, 62 young (63488K), 5 survivors (5120K)
 Metaspace       used 127310K, committed 128704K, reserved 1179648K
  class space    used 15315K, committed 16128K, reserved 1048576K
}
Event: 12134.402 GC heap after
{Heap after GC invocations=239 (full 14):
 garbage-first heap   total 159744K, used 94149K [0x00000000c3600000, 0x0000000100000000)
  region size 1024K, 4 young (4096K), 4 survivors (4096K)
 Metaspace       used 127310K, committed 128704K, reserved 1179648K
  class space    used 15315K, committed 16128K, reserved 1048576K
}
Event: 12143.917 GC heap before
{Heap before GC invocations=240 (full 14):
 garbage-first heap   total 159744K, used 150469K [0x00000000c3600000, 0x0000000100000000)
  region size 1024K, 59 young (60416K), 4 survivors (4096K)
 Metaspace       used 127737K, committed 129152K, reserved 1179648K
  class space    used 15387K, committed 16128K, reserved 1048576K
}
Event: 12144.015 GC heap after
{Heap after GC invocations=241 (full 14):
 garbage-first heap   total 159744K, used 97221K [0x00000000c3600000, 0x0000000100000000)
  region size 1024K, 7 young (7168K), 7 survivors (7168K)
 Metaspace       used 127737K, committed 129152K, reserved 1179648K
  class space    used 15387K, committed 16128K, reserved 1048576K
}

