# JRE version: OpenJDK Runtime Environment Temurin-21.0.9+10 (21.0.9+10) (build 21.0.9+10-LTS)
# Java VM: OpenJDK 64-Bit Server VM Temurin-21.0.9+10 (21.0.9+10-LTS, mixed mode, sharing, tiered, compressed oops, compressed class ptrs, g1 gc, windows-amd64)
GC Precious Log:
 CardTable entry size: 512
 Card Set container configuration: InlinePtr #cards 5 size 8 Array Of Cards #cards 12 size 40 Howl #buckets 4 coarsen threshold 1843 Howl Bitmap #cards 512 size 80 coarsen threshold 460 Card regions per heap region 1 cards per card region 2048
 CPUs: 4 total, 4 available
 Memory: 3877M
 Large Page Support: Disabled
 NUMA Support: Disabled
 Compressed Oops: Enabled (32-bit)
 Heap Region Size: 1M
 Heap Min Capacity: 8M
 Heap Initial Capacity: 62M
 Heap Max Capacity: 970M
 Pre-touch: Disabled
 Parallel Workers: 4
 Concurrent Workers: 1
 Concurrent Refinement Workers: 4
 Periodic GC: Disabled
Heap:
 garbage-first heap   total 167936K, used 58347K [0x00000000c3600000, 0x0000000100000000)
  region size 1024K, 9 young (9216K), 9 survivors (9216K)
 Metaspace       used 140815K, committed 142208K, reserved 1179648K
  class space    used 16804K, committed 17472K, reserved 1048576K
GC Heap History (20 events):
Event: 12226.914 GC heap after
{Heap after GC invocations=234 (full 27):
 garbage-first heap   total 178176K, used 60715K [0x00000000c3600000, 0x0000000100000000)
  region size 1024K, 9 young (9216K), 9 survivors (9216K)
 Metaspace       used 135796K, committed 137216K, reserved 1179648K
  class space    used 16382K, committed 17088K, reserved 1048576K
}
Event: 12233.082 GC heap before
{Heap before GC invocations=235 (full 27):
 garbage-first heap   total 178176K, used 157995K [0x00000000c3600000, 0x0000000100000000)
  region size 1024K, 104 young (106496K), 9 survivors (9216K)
 Metaspace       used 136448K, committed 137792K, reserved 1179648K
  class space    used 16392K, committed 17088K, reserved 1048576K
}
Event: 12233.125 GC heap after
{Heap after GC invocations=236 (full 27):
 garbage-first heap   total 178176K, used 62898K [0x00000000c3600000, 0x0000000100000000)
  region size 1024K, 5 young (5120K), 5 survivors (5120K)
 Metaspace       used 136448K, committed 137792K, reserved 1179648K
  class space    used 16392K, committed 17088K, reserved 1048576K
}
Event: 12349.595 GC heap before
{Heap before GC invocations=236 (full 27):
 garbage-first heap   total 178176K, used 160178K [0x00000000c3600000, 0x0000000100000000)
  region size 1024K, 100 young (102400K), 5 survivors (5120K)
 Metaspace       used 136453K, committed 137792K, reserved 1179648K
  class space    used 16393K, committed 17088K, reserved 1048576K
}
Event: 12349.735 GC heap after
{Heap after GC invocations=237 (full 27):
 garbage-first heap   total 178176K, used 62564K [0x00000000c3600000, 0x0000000100000000)
  region size 1024K, 4 young (4096K), 4 survivors (4096K)
 Metaspace       used 136453K, committed 137792K, reserved 1179648K
  class space    used 16393K, committed 17088K, reserved 1048576K
}
Event: 12349.809 GC heap before
{Heap before GC invocations=237 (full 27):
 garbage-first heap   total 178176K, used 62564K [0x00000000c3600000, 0x0000000100000000)
  region size 1024K, 5 young (5120K), 4 survivors (4096K)
 Metaspace       used 136454K, committed 137792K, reserved 1179648K
  class space    used 16393K, committed 17088K, reserved 1048576K
}
Event: 12351.572 GC heap after
{Heap after GC invocations=238 (full 28):
 garbage-first heap   total 167936K, used 48283K [0x00000000c3600000, 0x0000000100000000)
  region size 1024K, 0 young (0K), 0 survivors (0K)
 Metaspace       used 136335K, committed 137792K, reserved 1179648K
  class space    used 16369K, committed 17088K, reserved 1048576K
}
Event: 12356.092 GC heap before
{Heap before GC invocations=238 (full 28):
 garbage-first heap   total 167936K, used 147611K [0x00000000c3600000, 0x0000000100000000)
  region size 1024K, 98 young (100352K), 0 survivors (0K)
 Metaspace       used 137280K, committed 138560K, reserved 1179648K
  class space    used 16472K, committed 17088K, reserved 1048576K
}
Event: 12356.147 GC heap after
{Heap after GC invocations=239 (full 28):
 garbage-first heap   total 167936K, used 57238K [0x00000000c3600000, 0x0000000100000000)
  region size 1024K, 9 young (9216K), 9 survivors (9216K)
 Metaspace       used 137280K, committed 138560K, reserved 1179648K
  class space    used 16472K, committed 17088K, reserved 1048576K
}
Event: 12358.438 GC heap before
{Heap before GC invocations=240 (full 28):
 garbage-first heap   total 167936K, used 148374K [0x00000000c3600000, 0x0000000100000000)
  region size 1024K, 98 young (100352K), 9 survivors (9216K)
 Metaspace       used 138275K, committed 139648K, reserved 1179648K
  class space    used 16555K, committed 17216K, reserved 1048576K
}
Event: 12358.504 GC heap after
{Heap after GC invocations=241 (full 28):
 garbage-first heap   total 167936K, used 61198K [0x00000000c3600000, 0x0000000100000000)
  region size 1024K, 5 young (5120K), 5 survivors (5120K)
 Metaspace       used 138275K, committed 139648K, reserved 1179648K
  class space    used 16555K, committed 17216K, reserved 1048576K
}
Event: 12372.614 GC heap before
{Heap before GC invocations=241 (full 28):
 garbage-first heap   total 167936K, used 79630K [0x00000000c3600000, 0x0000000100000000)
  region size 1024K, 24 young (24576K), 5 survivors (5120K)
 Metaspace       used 138286K, committed 139648K, reserved 1179648K
  class space    used 16555K, committed 17216K, reserved 1048576K
}
Event: 12373.856 GC heap after
{Heap after GC invocations=242 (full 29):
 garbage-first heap   total 167936K, used 48919K [0x00000000c3600000, 0x0000000100000000)
  region size 1024K, 0 young (0K), 0 survivors (0K)
 Metaspace       used 138199K, committed 139648K, reserved 1179648K
  class space    used 16539K, committed 17216K, reserved 1048576K
}
Event: 12380.314 GC heap before
{Heap before GC invocations=242 (full 29):
 garbage-first heap   total 167936K, used 148247K [0x00000000c3600000, 0x0000000100000000)
  region size 1024K, 98 young (100352K), 0 survivors (0K)
 Metaspace       used 139045K, committed 140352K, reserved 1179648K
  class space    used 16634K, committed 17280K, reserved 1048576K
}
Event: 12380.404 GC heap after
{Heap after GC invocations=243 (full 29):
 garbage-first heap   total 167936K, used 58135K [0x00000000c3600000, 0x0000000100000000)
  region size 1024K, 9 young (9216K), 9 survivors (9216K)
 Metaspace       used 139045K, committed 140352K, reserved 1179648K
  class space    used 16634K, committed 17280K, reserved 1048576K
}
Event: 12387.420 GC heap before
{Heap before GC invocations=244 (full 29):
 garbage-first heap   total 167936K, used 149271K [0x00000000c3600000, 0x0000000100000000)
  region size 1024K, 98 young (100352K), 9 survivors (9216K)
 Metaspace       used 140067K, committed 141440K, reserved 1179648K
  class space    used 16717K, committed 17408K, reserved 1048576K
}
Event: 12387.464 GC heap after
{Heap after GC invocations=245 (full 29):
 garbage-first heap   total 167936K, used 62231K [0x00000000c3600000, 0x0000000100000000)
  region size 1024K, 5 young (5120K), 5 survivors (5120K)
 Metaspace       used 140067K, committed 141440K, reserved 1179648K
  class space    used 16717K, committed 17408K, reserved 1048576K
}
Event: 12432.172 GC heap before
{Heap before GC invocations=245 (full 29):
 garbage-first heap   total 167936K, used 111383K [0x00000000c3600000, 0x0000000100000000)
  region size 1024K, 54 young (55296K), 5 survivors (5120K)
 Metaspace       used 140074K, committed 141440K, reserved 1179648K
  class space    used 16718K, committed 17408K, reserved 1048576K
}
Event: 12434.753 GC heap after
{Heap after GC invocations=246 (full 30):
 garbage-first heap   total 167936K, used 49898K [0x00000000c3600000, 0x0000000100000000)
  region size 1024K, 0 young (0K), 0 survivors (0K)
 Metaspace       used 140031K, committed 141440K, reserved 1179648K
  class space    used 16713K, committed 17408K, reserved 1048576K
}
Event: 12442.220 GC heap before
{Heap before GC invocations=246 (full 30):
 garbage-first heap   total 167936K, used 149226K [0x00000000c3600000, 0x0000000100000000)
  region size 1024K, 98 young (100352K), 0 survivors (0K)
 Metaspace       used 140815K, committed 142208K, reserved 1179648K
  class space    used 16804K, committed 17472K, reserved 1048576K
}

