# JRE version: OpenJDK Runtime Environment Temurin-21.0.9+10 (21.0.9+10) (build 21.0.9+10-LTS)
# Java VM: OpenJDK 64-Bit Server VM Temurin-21.0.9+10 (21.0.9+10-LTS, mixed mode, sharing, tiered, compressed oops, compressed class ptrs, g1 gc, windows-amd64)
GC Precious Log:
 CardTable entry size: 512
 Card Set container configuration: InlinePtr #cards 5 size 8 Array Of Cards #cards 12 size 40 Howl #buckets 4 coarsen threshold 1843 Howl Bitmap #cards 512 size 80 coarsen threshold 460 Card regions per heap region 1 cards per card region 2048
 CPUs: 4 total, 4 available
 Memory: 3877M
 Large Page Support: Disabled
 NUMA Support: Disabled
 Compressed Oops: Enabled (32-bit)
 Heap Region Size: 1M
 Heap Min Capacity: 8M
 Heap Initial Capacity: 62M
 Heap Max Capacity: 970M
 Pre-touch: Disabled
 Parallel Workers: 4
 Concurrent Workers: 1
 Concurrent Refinement Workers: 4
 Periodic GC: Disabled
Heap:
 garbage-first heap   total 63488K, used 36227K [0x00000000c3600000, 0x0000000100000000)
  region size 1024K, 3 young (3072K), 3 survivors (3072K)
 Metaspace       used 71582K, committed 72256K, reserved 1114112K
  class space    used 9934K, committed 10240K, reserved 1048576K
GC Heap History (20 events):
Event: 10.214 GC heap after
{Heap after GC invocations=14 (full 0):
 garbage-first heap   total 48128K, used 26191K [0x00000000c3600000, 0x0000000100000000)
  region size 1024K, 3 young (3072K), 3 survivors (3072K)
 Metaspace       used 41815K, committed 42368K, reserved 1114112K
  class space    used 5521K, committed 5760K, reserved 1048576K
}
Event: 11.435 GC heap before
{Heap before GC invocations=14 (full 0):
 garbage-first heap   total 48128K, used 41551K [0x00000000c3600000, 0x0000000100000000)
  region size 1024K, 18 young (18432K), 3 survivors (3072K)
 Metaspace       used 46186K, committed 46784K, reserved 1114112K
  class space    used 6214K, committed 6464K, reserved 1048576K
}
Event: 11.440 GC heap after
{Heap after GC invocations=15 (full 0):
 garbage-first heap   total 48128K, used 27419K [0x00000000c3600000, 0x0000000100000000)
  region size 1024K, 2 young (2048K), 2 survivors (2048K)
 Metaspace       used 46186K, committed 46784K, reserved 1114112K
  class space    used 6214K, committed 6464K, reserved 1048576K
}
Event: 12.462 GC heap before
{Heap before GC invocations=16 (full 0):
 garbage-first heap   total 48128K, used 42779K [0x00000000c3600000, 0x0000000100000000)
  region size 1024K, 18 young (18432K), 2 survivors (2048K)
 Metaspace       used 50595K, committed 51264K, reserved 1114112K
  class space    used 6798K, committed 7104K, reserved 1048576K
}
Event: 12.467 GC heap after
{Heap after GC invocations=17 (full 0):
 garbage-first heap   total 48128K, used 28827K [0x00000000c3600000, 0x0000000100000000)
  region size 1024K, 3 young (3072K), 3 survivors (3072K)
 Metaspace       used 50595K, committed 51264K, reserved 1114112K
  class space    used 6798K, committed 7104K, reserved 1048576K
}
Event: 12.961 GC heap before
{Heap before GC invocations=17 (full 0):
 garbage-first heap   total 48128K, used 43163K [0x00000000c3600000, 0x0000000100000000)
  region size 1024K, 17 young (17408K), 3 survivors (3072K)
 Metaspace       used 53302K, committed 53952K, reserved 1114112K
  class space    used 7123K, committed 7424K, reserved 1048576K
}
Event: 12.966 GC heap after
{Heap after GC invocations=18 (full 0):
 garbage-first heap   total 49152K, used 29787K [0x00000000c3600000, 0x0000000100000000)
  region size 1024K, 3 young (3072K), 3 survivors (3072K)
 Metaspace       used 53302K, committed 53952K, reserved 1114112K
  class space    used 7123K, committed 7424K, reserved 1048576K
}
Event: 13.414 GC heap before
{Heap before GC invocations=18 (full 0):
 garbage-first heap   total 49152K, used 43099K [0x00000000c3600000, 0x0000000100000000)
  region size 1024K, 17 young (17408K), 3 survivors (3072K)
 Metaspace       used 57613K, committed 58240K, reserved 1114112K
  class space    used 7741K, committed 8000K, reserved 1048576K
}
Event: 13.418 GC heap after
{Heap after GC invocations=19 (full 0):
 garbage-first heap   total 49152K, used 30428K [0x00000000c3600000, 0x0000000100000000)
  region size 1024K, 2 young (2048K), 2 survivors (2048K)
 Metaspace       used 57613K, committed 58240K, reserved 1114112K
  class space    used 7741K, committed 8000K, reserved 1048576K
}
Event: 13.866 GC heap before
{Heap before GC invocations=20 (full 0):
 garbage-first heap   total 51200K, used 44764K [0x00000000c3600000, 0x0000000100000000)
  region size 1024K, 16 young (16384K), 2 survivors (2048K)
 Metaspace       used 60451K, committed 61056K, reserved 1114112K
  class space    used 8282K, committed 8576K, reserved 1048576K
}
Event: 13.870 GC heap after
{Heap after GC invocations=21 (full 0):
 garbage-first heap   total 51200K, used 31180K [0x00000000c3600000, 0x0000000100000000)
  region size 1024K, 2 young (2048K), 2 survivors (2048K)
 Metaspace       used 60451K, committed 61056K, reserved 1114112K
  class space    used 8282K, committed 8576K, reserved 1048576K
}
Event: 14.193 GC heap before
{Heap before GC invocations=21 (full 0):
 garbage-first heap   total 51200K, used 47564K [0x00000000c3600000, 0x0000000100000000)
  region size 1024K, 18 young (18432K), 2 survivors (2048K)
 Metaspace       used 61807K, committed 62464K, reserved 1114112K
  class space    used 8451K, committed 8768K, reserved 1048576K
}
Event: 14.197 GC heap after
{Heap after GC invocations=22 (full 0):
 garbage-first heap   total 51200K, used 31287K [0x00000000c3600000, 0x0000000100000000)
  region size 1024K, 2 young (2048K), 2 survivors (2048K)
 Metaspace       used 61807K, committed 62464K, reserved 1114112K
  class space    used 8451K, committed 8768K, reserved 1048576K
}
Event: 14.817 GC heap before
{Heap before GC invocations=22 (full 0):
 garbage-first heap   total 51200K, used 46647K [0x00000000c3600000, 0x0000000100000000)
  region size 1024K, 18 young (18432K), 2 survivors (2048K)
 Metaspace       used 65358K, committed 65984K, reserved 1114112K
  class space    used 8928K, committed 9216K, reserved 1048576K
}
Event: 14.820 GC heap after
{Heap after GC invocations=23 (full 0):
 garbage-first heap   total 52224K, used 32454K [0x00000000c3600000, 0x0000000100000000)
  region size 1024K, 3 young (3072K), 3 survivors (3072K)
 Metaspace       used 65358K, committed 65984K, reserved 1114112K
  class space    used 8928K, committed 9216K, reserved 1048576K
}
Event: 15.218 GC heap before
{Heap before GC invocations=24 (full 0):
 garbage-first heap   total 56320K, used 46790K [0x00000000c3600000, 0x0000000100000000)
  region size 1024K, 17 young (17408K), 3 survivors (3072K)
 Metaspace       used 68496K, committed 69120K, reserved 1114112K
  class space    used 9389K, committed 9664K, reserved 1048576K
}
Event: 15.224 GC heap after
{Heap after GC invocations=25 (full 0):
 garbage-first heap   total 56320K, used 33814K [0x00000000c3600000, 0x0000000100000000)
  region size 1024K, 3 young (3072K), 3 survivors (3072K)
 Metaspace       used 68496K, committed 69120K, reserved 1114112K
  class space    used 9389K, committed 9664K, reserved 1048576K
}
Event: 15.464 GC heap before
{Heap before GC invocations=25 (full 0):
 garbage-first heap   total 56320K, used 51222K [0x00000000c3600000, 0x0000000100000000)
  region size 1024K, 20 young (20480K), 3 survivors (3072K)
 Metaspace       used 69352K, committed 70016K, reserved 1114112K
  class space    used 9495K, committed 9792K, reserved 1048576K
}
Event: 15.468 GC heap after
{Heap after GC invocations=26 (full 0):
 garbage-first heap   total 57344K, used 34784K [0x00000000c3600000, 0x0000000100000000)
  region size 1024K, 3 young (3072K), 3 survivors (3072K)
 Metaspace       used 69352K, committed 70016K, reserved 1114112K
  class space    used 9495K, committed 9792K, reserved 1048576K
}
Event: 15.870 GC heap before
{Heap before GC invocations=26 (full 0):
 garbage-first heap   total 57344K, used 52192K [0x00000000c3600000, 0x0000000100000000)
  region size 1024K, 20 young (20480K), 3 survivors (3072K)
 Metaspace       used 71582K, committed 72256K, reserved 1114112K
  class space    used 9934K, committed 10240K, reserved 1048576K
}

