# JRE version: OpenJDK Runtime Environment Temurin-21.0.9+10 (21.0.9+10) (build 21.0.9+10-LTS)
# Java VM: OpenJDK 64-Bit Server VM Temurin-21.0.9+10 (21.0.9+10-LTS, mixed mode, sharing, tiered, compressed oops, compressed class ptrs, g1 gc, windows-amd64)
GC Precious Log:
 CardTable entry size: 512
 Card Set container configuration: InlinePtr #cards 5 size 8 Array Of Cards #cards 12 size 40 Howl #buckets 4 coarsen threshold 1843 Howl Bitmap #cards 512 size 80 coarsen threshold 460 Card regions per heap region 1 cards per card region 2048
 CPUs: 4 total, 4 available
 Memory: 3877M
 Large Page Support: Disabled
 NUMA Support: Disabled
 Compressed Oops: Enabled (32-bit)
 Heap Region Size: 1M
 Heap Min Capacity: 8M
 Heap Initial Capacity: 62M
 Heap Max Capacity: 970M
 Pre-touch: Disabled
 Parallel Workers: 4
 Concurrent Workers: 1
 Concurrent Refinement Workers: 4
 Periodic GC: Disabled
Heap:
 garbage-first heap   total 95232K, used 52856K [0x00000000c3600000, 0x0000000100000000)
  region size 1024K, 11 young (11264K), 2 survivors (2048K)
 Metaspace       used 88498K, committed 89344K, reserved 1179648K
  class space    used 12419K, committed 12800K, reserved 1048576K
GC Heap History (20 events):
Event: 14.106 GC heap before
{Heap before GC invocations=25 (full 0):
 garbage-first heap   total 56320K, used 50397K [0x00000000c3600000, 0x0000000100000000)
  region size 1024K, 19 young (19456K), 3 survivors (3072K)
 Metaspace       used 72372K, committed 73088K, reserved 1114112K
  class space    used 10073K, committed 10368K, reserved 1048576K
}
Event: 14.112 GC heap after
{Heap after GC invocations=26 (full 0):
 garbage-first heap   total 57344K, used 35634K [0x00000000c3600000, 0x0000000100000000)
  region size 1024K, 3 young (3072K), 3 survivors (3072K)
 Metaspace       used 72372K, committed 73088K, reserved 1114112K
  class space    used 10073K, committed 10368K, reserved 1048576K
}
Event: 14.259 GC heap before
{Heap before GC invocations=26 (full 0):
 garbage-first heap   total 57344K, used 52018K [0x00000000c3600000, 0x0000000100000000)
  region size 1024K, 19 young (19456K), 3 survivors (3072K)
 Metaspace       used 73042K, committed 73728K, reserved 1114112K
  class space    used 10266K, committed 10560K, reserved 1048576K
}
Event: 14.263 GC heap after
{Heap after GC invocations=27 (full 0):
 garbage-first heap   total 69632K, used 36244K [0x00000000c3600000, 0x0000000100000000)
  region size 1024K, 2 young (2048K), 2 survivors (2048K)
 Metaspace       used 73042K, committed 73728K, reserved 1114112K
  class space    used 10266K, committed 10560K, reserved 1048576K
}
Event: 14.787 GC heap before
{Heap before GC invocations=28 (full 0):
 garbage-first heap   total 69632K, used 61844K [0x00000000c3600000, 0x0000000100000000)
  region size 1024K, 28 young (28672K), 2 survivors (2048K)
 Metaspace       used 74554K, committed 75200K, reserved 1114112K
  class space    used 10487K, committed 10752K, reserved 1048576K
}
Event: 14.795 GC heap after
{Heap after GC invocations=29 (full 0):
 garbage-first heap   total 69632K, used 36632K [0x00000000c3600000, 0x0000000100000000)
  region size 1024K, 2 young (2048K), 2 survivors (2048K)
 Metaspace       used 74554K, committed 75200K, reserved 1114112K
  class space    used 10487K, committed 10752K, reserved 1048576K
}
Event: 14.918 GC heap before
{Heap before GC invocations=29 (full 0):
 garbage-first heap   total 69632K, used 64280K [0x00000000c3600000, 0x0000000100000000)
  region size 1024K, 29 young (29696K), 2 survivors (2048K)
 Metaspace       used 74625K, committed 75328K, reserved 1114112K
  class space    used 10491K, committed 10816K, reserved 1048576K
}
Event: 14.927 GC heap after
{Heap after GC invocations=30 (full 0):
 garbage-first heap   total 69632K, used 37775K [0x00000000c3600000, 0x0000000100000000)
  region size 1024K, 4 young (4096K), 4 survivors (4096K)
 Metaspace       used 74625K, committed 75328K, reserved 1114112K
  class space    used 10491K, committed 10816K, reserved 1048576K
}
Event: 15.346 GC heap before
{Heap before GC invocations=30 (full 0):
 garbage-first heap   total 69632K, used 62351K [0x00000000c3600000, 0x0000000100000000)
  region size 1024K, 29 young (29696K), 4 survivors (4096K)
 Metaspace       used 75507K, committed 76160K, reserved 1114112K
  class space    used 10585K, committed 10880K, reserved 1048576K
}
Event: 15.351 GC heap after
{Heap after GC invocations=31 (full 0):
 garbage-first heap   total 69632K, used 38454K [0x00000000c3600000, 0x0000000100000000)
  region size 1024K, 3 young (3072K), 3 survivors (3072K)
 Metaspace       used 75507K, committed 76160K, reserved 1114112K
  class space    used 10585K, committed 10880K, reserved 1048576K
}
Event: 16.944 GC heap before
{Heap before GC invocations=32 (full 0):
 garbage-first heap   total 69632K, used 64054K [0x00000000c3600000, 0x0000000100000000)
  region size 1024K, 28 young (28672K), 3 survivors (3072K)
 Metaspace       used 78076K, committed 78784K, reserved 1179648K
  class space    used 10955K, committed 11264K, reserved 1048576K
}
Event: 16.955 GC heap after
{Heap after GC invocations=33 (full 0):
 garbage-first heap   total 70656K, used 41167K [0x00000000c3600000, 0x0000000100000000)
  region size 1024K, 4 young (4096K), 4 survivors (4096K)
 Metaspace       used 78076K, committed 78784K, reserved 1179648K
  class space    used 10955K, committed 11264K, reserved 1048576K
}
Event: 17.946 GC heap before
{Heap before GC invocations=33 (full 0):
 garbage-first heap   total 70656K, used 63695K [0x00000000c3600000, 0x0000000100000000)
  region size 1024K, 27 young (27648K), 4 survivors (4096K)
 Metaspace       used 81680K, committed 82560K, reserved 1179648K
  class space    used 11454K, committed 11904K, reserved 1048576K
}
Event: 17.966 GC heap after
{Heap after GC invocations=34 (full 0):
 garbage-first heap   total 73728K, used 44122K [0x00000000c3600000, 0x0000000100000000)
  region size 1024K, 3 young (3072K), 3 survivors (3072K)
 Metaspace       used 81680K, committed 82560K, reserved 1179648K
  class space    used 11454K, committed 11904K, reserved 1048576K
}
Event: 101.358 GC heap before
{Heap before GC invocations=34 (full 0):
 garbage-first heap   total 73728K, used 65626K [0x00000000c3600000, 0x0000000100000000)
  region size 1024K, 25 young (25600K), 3 survivors (3072K)
 Metaspace       used 83344K, committed 84160K, reserved 1179648K
  class space    used 11703K, committed 12096K, reserved 1048576K
}
Event: 101.462 GC heap after
{Heap after GC invocations=35 (full 0):
 garbage-first heap   total 95232K, used 44558K [0x00000000c3600000, 0x0000000100000000)
  region size 1024K, 1 young (1024K), 1 survivors (1024K)
 Metaspace       used 83344K, committed 84160K, reserved 1179648K
  class space    used 11703K, committed 12096K, reserved 1048576K
}
Event: 382.980 GC heap before
{Heap before GC invocations=36 (full 0):
 garbage-first heap   total 95232K, used 86542K [0x00000000c3600000, 0x0000000100000000)
  region size 1024K, 42 young (43008K), 1 survivors (1024K)
 Metaspace       used 83405K, committed 84224K, reserved 1179648K
  class space    used 11701K, committed 12096K, reserved 1048576K
}
Event: 383.055 GC heap after
{Heap after GC invocations=37 (full 0):
 garbage-first heap   total 95232K, used 44458K [0x00000000c3600000, 0x0000000100000000)
  region size 1024K, 1 young (1024K), 1 survivors (1024K)
 Metaspace       used 83405K, committed 84224K, reserved 1179648K
  class space    used 11701K, committed 12096K, reserved 1048576K
}
Event: 616.034 GC heap before
{Heap before GC invocations=37 (full 0):
 garbage-first heap   total 95232K, used 88490K [0x00000000c3600000, 0x0000000100000000)
  region size 1024K, 44 young (45056K), 1 survivors (1024K)
 Metaspace       used 86388K, committed 87232K, reserved 1179648K
  class space    used 12092K, committed 12480K, reserved 1048576K
}
Event: 616.091 GC heap after
{Heap after GC invocations=38 (full 0):
 garbage-first heap   total 95232K, used 44664K [0x00000000c3600000, 0x0000000100000000)
  region size 1024K, 2 young (2048K), 2 survivors (2048K)
 Metaspace       used 86388K, committed 87232K, reserved 1179648K
  class space    used 12092K, committed 12480K, reserved 1048576K
}

